#
# There is insufficient memory for the Java Runtime Environment to continue.
# Native memory allocation (mmap) failed to map 100663296 bytes for G1 virtual space
# Possible reasons:
#   The system is out of physical RAM or swap space
#   The process is running with CompressedOops enabled, and the Java Heap may be blocking the growth of the native heap
# Possible solutions:
#   Reduce memory load on the system
#   Increase physical memory or swap space
#   Check if swap backing store is full
#   Decrease Java heap size (-Xmx/-Xms)
#   Decrease number of Java threads
#   Decrease Java thread stack sizes (-Xss)
#   Set larger code cache with -XX:ReservedCodeCacheSize=
#   JVM is running with Unscaled Compressed Oops mode in which the Java heap is
#     placed in the first 4GB address space. The Java Heap base address is the
#     maximum limit for the native heap growth. Please use -XX:HeapBaseMinAddress
#     to set the Java Heap base and to place the Java Heap above 4GB virtual address.
# This output file may be truncated or incomplete.
#
#  Out of Memory Error (os_windows.cpp:3532), pid=12464, tid=12060
#
# JRE version:  (17.0.2+8) (build )
# Java VM: Java HotSpot(TM) 64-Bit Server VM (17.0.2+8-LTS-86, mixed mode, sharing, tiered, compressed oops, compressed class ptrs, g1 gc, windows-amd64)
# No core dump will be written. Minidumps are not enabled by default on client versions of Windows
#

---------------  S U M M A R Y ------------

Command Line: -Dfile.encoding=Cp1252 -XX:+ShowCodeDetailsInExceptionMessages application.Programa

Host: AMD Ryzen 5 PRO 3400GE w/ Radeon Vega Graphics , 8 cores, 5G,  Windows 10 , 64 bit Build 19041 (10.0.19041.1023)
Time: Wed Apr 27 21:24:31 2022 Hora oficial do Brasil elapsed time: 0.011777 seconds (0d 0h 0m 0s)

---------------  T H R E A D  ---------------

Current thread (0x000001d9337d9740):  JavaThread "Unknown thread" [_thread_in_vm, id=12060, stack(0x00000013d1800000,0x00000013d1900000)]

Stack: [0x00000013d1800000,0x00000013d1900000]
Native frames: (J=compiled Java code, j=interpreted, Vv=VM code, C=native code)
V  [jvm.dll+0x670baa]
V  [jvm.dll+0x7cfcb4]
V  [jvm.dll+0x7d145e]
V  [jvm.dll+0x7d1ac3]
V  [jvm.dll+0x242bc5]
V  [jvm.dll+0x66dac9]
V  [jvm.dll+0x662412]
V  [jvm.dll+0x300c0b]
V  [jvm.dll+0x3081a6]
V  [jvm.dll+0x357d0e]
V  [jvm.dll+0x357f3f]
V  [jvm.dll+0x2d7ec8]
V  [jvm.dll+0x2d8e34]
V  [jvm.dll+0x7a18c1]
V  [jvm.dll+0x365a91]
V  [jvm.dll+0x780d2c]
V  [jvm.dll+0x3e845f]
V  [jvm.dll+0x3e9f01]
C  [jli.dll+0x527b]
C  [ucrtbase.dll+0x21bb2]
C  [KERNEL32.DLL+0x17034]
C  [ntdll.dll+0x52651]


---------------  P R O C E S S  ---------------

Threads class SMR info:
_java_thread_list=0x00007ffdd4819858, length=0, elements={
}

Java Threads: ( => current thread )

Other Threads:
  0x000001d933811b60 GCTaskThread "GC Thread#0" [stack: 0x00000013d1900000,0x00000013d1a00000] [id=12352]
  0x000001d93381ff60 ConcurrentGCThread "G1 Main Marker" [stack: 0x00000013d1a00000,0x00000013d1b00000] [id=11580]
  0x000001d933820880 ConcurrentGCThread "G1 Conc#0" [stack: 0x00000013d1b00000,0x00000013d1c00000] [id=5528]

[error occurred during error reporting (printing all threads), id 0xc0000005, EXCEPTION_ACCESS_VIOLATION (0xc0000005) at pc=0x00007ffdd40688a7]

VM state: not at safepoint (not fully initialized)

VM Mutex/Monitor currently owned by a thread:  ([mutex/lock_event])
[0x000001d9337d4580] Heap_lock - owner thread: 0x000001d9337d9740

Heap address: 0x00000000a1000000, size: 1520 MB, Compressed Oops mode: 32-bit

CDS archive(s) mapped at: [0x0000000000000000-0x0000000000000000-0x0000000000000000), size 0, SharedBaseAddress: 0x0000000800000000, ArchiveRelocationMode: 0.
Narrow klass base: 0x0000000000000000, Narrow klass shift: 0, Narrow klass range: 0x0

GC Precious Log:
<Empty>

Heap:
 garbage-first heap   total 0K, used 0K [0x00000000a1000000, 0x0000000100000000)
  region size 1024K, 0 young (0K), 0 survivors (0K)

[error occurred during error reporting (printing heap information), id 0xc0000005, EXCEPTION_ACCESS_VIOLATION (0xc0000005) at pc=0x00007ffdd4449f19]

GC Heap History (0 events):
No events

Deoptimization events (0 events):
No events

Classes unloaded (0 events):
No events

Classes redefined (0 events):
No events

Internal exceptions (0 events):
No events

VM Operations (0 events):
No events

Events (1 events):
Event: 0.008 Loaded shared library C:\Program Files\Java\jdk-17.0.2\bin\java.dll


Dynamic libraries:
0x00007ff615490000 - 0x00007ff6154a0000 	C:\Program Files\Java\jdk-17.0.2\bin\javaw.exe
0x00007ffe1f8f0000 - 0x00007ffe1fae5000 	C:\Windows\SYSTEM32\ntdll.dll
0x00007ffe1d960000 - 0x00007ffe1da1d000 	C:\Windows\System32\KERNEL32.DLL
0x00007ffe1d2a0000 - 0x00007ffe1d569000 	C:\Windows\System32\KERNELBASE.dll
0x00007ffe1d7d0000 - 0x00007ffe1d8d0000 	C:\Windows\System32\ucrtbase.dll
0x00007ffe17b50000 - 0x00007ffe17b6a000 	C:\Program Files\Java\jdk-17.0.2\bin\VCRUNTIME140.dll
0x00007ffe14410000 - 0x00007ffe14428000 	C:\Program Files\Java\jdk-17.0.2\bin\jli.dll
0x00007ffe1f440000 - 0x00007ffe1f4ec000 	C:\Windows\System32\ADVAPI32.dll
0x00007ffe1de80000 - 0x00007ffe1df1e000 	C:\Windows\System32\msvcrt.dll
0x00007ffe1e590000 - 0x00007ffe1e62b000 	C:\Windows\System32\sechost.dll
0x00007ffe1f310000 - 0x00007ffe1f43a000 	C:\Windows\System32\RPCRT4.dll
0x00007ffe1dc10000 - 0x00007ffe1ddb0000 	C:\Windows\System32\USER32.dll
0x00007ffe1d8d0000 - 0x00007ffe1d8f2000 	C:\Windows\System32\win32u.dll
0x00007ffe082e0000 - 0x00007ffe0857a000 	C:\Windows\WinSxS\amd64_microsoft.windows.common-controls_6595b64144ccf1df_6.0.19041.1110_none_60b5254171f9507e\COMCTL32.dll
0x00007ffe1e9f0000 - 0x00007ffe1ea1a000 	C:\Windows\System32\GDI32.dll
0x00007ffe1d620000 - 0x00007ffe1d72b000 	C:\Windows\System32\gdi32full.dll
0x00007ffe1d730000 - 0x00007ffe1d7cd000 	C:\Windows\System32\msvcp_win.dll
0x00007ffe166f0000 - 0x00007ffe166fa000 	C:\Windows\SYSTEM32\VERSION.dll
0x00007ffe1db40000 - 0x00007ffe1db70000 	C:\Windows\System32\IMM32.DLL
0x00007ffe18c60000 - 0x00007ffe18c6c000 	C:\Program Files\Java\jdk-17.0.2\bin\vcruntime140_1.dll
0x00007ffe12580000 - 0x00007ffe1260d000 	C:\Program Files\Java\jdk-17.0.2\bin\msvcp140.dll
0x00007ffdd3d80000 - 0x00007ffdd4941000 	C:\Program Files\Java\jdk-17.0.2\bin\server\jvm.dll
0x00007ffe1e6e0000 - 0x00007ffe1e6e8000 	C:\Windows\System32\PSAPI.DLL
0x00007ffe085d0000 - 0x00007ffe085d9000 	C:\Windows\SYSTEM32\WSOCK32.dll
0x00007ffe141d0000 - 0x00007ffe141f7000 	C:\Windows\SYSTEM32\WINMM.dll
0x00007ffe1e980000 - 0x00007ffe1e9eb000 	C:\Windows\System32\WS2_32.dll
0x00007ffe1b910000 - 0x00007ffe1b922000 	C:\Windows\SYSTEM32\kernel.appcore.dll
0x00007ffe17b40000 - 0x00007ffe17b4a000 	C:\Program Files\Java\jdk-17.0.2\bin\jimage.dll
0x00007ffe1ae00000 - 0x00007ffe1afe4000 	C:\Windows\SYSTEM32\DBGHELP.DLL
0x00007ffe08580000 - 0x00007ffe085ac000 	C:\Windows\SYSTEM32\dbgcore.DLL
0x00007ffe1d190000 - 0x00007ffe1d213000 	C:\Windows\System32\bcryptPrimitives.dll
0x00007ffe12550000 - 0x00007ffe12575000 	C:\Program Files\Java\jdk-17.0.2\bin\java.dll

dbghelp: loaded successfully - version: 4.0.5 - missing functions: none
symbol engine: initialized successfully - sym options: 0x614 - pdb path: .;C:\Program Files\Java\jdk-17.0.2\bin;C:\Windows\SYSTEM32;C:\Windows\WinSxS\amd64_microsoft.windows.common-controls_6595b64144ccf1df_6.0.19041.1110_none_60b5254171f9507e;C:\Program Files\Java\jdk-17.0.2\bin\server

VM Arguments:
jvm_args: -Dfile.encoding=Cp1252 -XX:+ShowCodeDetailsInExceptionMessages 
java_command: application.Programa
java_class_path (initial): D:\JDBC_Atividade\bin;D:\drive\postgresql-42.3.4.jar
Launcher Type: SUN_STANDARD

[Global flags]
     intx CICompilerCount                          = 4                                         {product} {ergonomic}
     uint ConcGCThreads                            = 2                                         {product} {ergonomic}
     uint G1ConcRefinementThreads                  = 8                                         {product} {ergonomic}
   size_t G1HeapRegionSize                         = 1048576                                   {product} {ergonomic}
    uintx GCDrainStackTargetSize                   = 64                                        {product} {ergonomic}
   size_t InitialHeapSize                          = 100663296                                 {product} {ergonomic}
   size_t MarkStackSize                            = 4194304                                   {product} {ergonomic}
   size_t MaxHeapSize                              = 1593835520                                {product} {ergonomic}
   size_t MinHeapDeltaBytes                        = 1048576                                   {product} {ergonomic}
   size_t MinHeapSize                              = 8388608                                   {product} {ergonomic}
    uintx NonNMethodCodeHeapSize                   = 5839372                                {pd product} {ergonomic}
    uintx NonProfiledCodeHeapSize                  = 122909434                              {pd product} {ergonomic}
    uintx ProfiledCodeHeapSize                     = 122909434                              {pd product} {ergonomic}
    uintx ReservedCodeCacheSize                    = 251658240                              {pd product} {ergonomic}
     bool SegmentedCodeCache                       = true                                      {product} {ergonomic}
     bool ShowCodeDetailsInExceptionMessages       = true                                   {manageable} {command line}
   size_t SoftMaxHeapSize                          = 1593835520                             {manageable} {ergonomic}
     bool UseCompressedClassPointers               = true                           {product lp64_product} {ergonomic}
     bool UseCompressedOops                        = true                           {product lp64_product} {ergonomic}
     bool UseG1GC                                  = true                                      {product} {ergonomic}
     bool UseLargePagesIndividualAllocation        = false                                  {pd product} {ergonomic}

Logging:
Log output configuration:
 #0: stdout all=warning uptime,level,tags
 #1: stderr all=off uptime,level,tags

Environment Variables:
PATH=C:\Python310\Scripts\;C:\Python310\;E:\oracle18cExpressEdition\dbhomeXE\bin;C:\Program Files\Common Files\Oracle\Java\javapath;C:\Program Files (x86)\Common Files\Oracle\Java\javapath;C:\Windows\system32;C:\Windows;C:\Windows\System32\Wbem;C:\Windows\System32\WindowsPowerShell\v1.0\;C:\Windows\System32\OpenSSH\;C:\Program Files\dotnet\;C:\Program Files\Microsoft SQL Server\120\Tools\Binn\;C:\Program Files\Common Files\Autodesk Shared\;E:\Inkscape\bin;E:\Csound6_x64\bin;C:\Program Files\nodejs\;C:\ProgramData\chocolatey\bin;C:\Program Files\Git\cmd;C:\Users\aluno\AppData\Local\Microsoft\WindowsApps;E:\miktex\miktex\bin\x64\;C:\Users\aluno\AppData\Local\Programs\Microsoft VS Code\bin;C:\Users\aluno\AppData\Roaming\npm
USERNAME=aluno
OS=Windows_NT
PROCESSOR_IDENTIFIER=AMD64 Family 23 Model 24 Stepping 1, AuthenticAMD



---------------  S Y S T E M  ---------------

OS:
 Windows 10 , 64 bit Build 19041 (10.0.19041.1023)
OS uptime: 2 days 2:16 hours

CPU: total 8 (initial active 8) (8 cores per cpu, 2 threads per core) family 23 model 24 stepping 1 microcode 0x0, cx8, cmov, fxsr, ht, mmx, 3dnowpref, sse, sse2, sse3, ssse3, sse4a, sse4.1, sse4.2, popcnt, lzcnt, tsc, tscinvbit, avx, avx2, aes, clmul, bmi1, bmi2, adx, sha, fma, vzeroupper, clflush, clflushopt

Memory: 4k page, system-wide physical 6077M (981M free)
TotalPageFile size 9827M (AvailPageFile size 59M)
current process WorkingSet (physical memory assigned to process): 10M, peak: 10M
current process commit charge ("private bytes"): 59M, peak: 155M

vm_info: Java HotSpot(TM) 64-Bit Server VM (17.0.2+8-LTS-86) for windows-amd64 JRE (17.0.2+8-LTS-86), built on Dec  7 2021 21:51:03 by "mach5one" with MS VC++ 16.8 / 16.9 (VS2019)

END.
